[2024-02-17 19:43:44Z INFO HostContext] No proxy settings were found based on environmental variables (http_proxy/https_proxy/HTTP_PROXY/HTTPS_PROXY)
[2024-02-17 19:43:44Z INFO HostContext] Well known directory 'Bin': 'C:\Users\Tahour\Documents\Creating-a-self-runner\actions-runner\bin'
[2024-02-17 19:43:44Z INFO HostContext] Well known directory 'Root': 'C:\Users\Tahour\Documents\Creating-a-self-runner\actions-runner'
[2024-02-17 19:43:44Z INFO HostContext] Well known config file 'Credentials': 'C:\Users\Tahour\Documents\Creating-a-self-runner\actions-runner\.credentials'
[2024-02-17 19:43:45Z INFO HostContext] Well known directory 'Bin': 'C:\Users\Tahour\Documents\Creating-a-self-runner\actions-runner\bin'
[2024-02-17 19:43:45Z INFO HostContext] Well known directory 'Root': 'C:\Users\Tahour\Documents\Creating-a-self-runner\actions-runner'
[2024-02-17 19:43:45Z INFO HostContext] Well known config file 'Runner': 'C:\Users\Tahour\Documents\Creating-a-self-runner\actions-runner\.runner'
[2024-02-17 19:43:45Z INFO Listener] Runner is built for Windows (X64) - win-x64.
[2024-02-17 19:43:45Z INFO Listener] RuntimeInformation: Microsoft Windows 10.0.19045.
[2024-02-17 19:43:45Z INFO Listener] Version: 2.313.0
[2024-02-17 19:43:45Z INFO Listener] Commit: d502c4623e5cd140e949f1e644ffe03762bd4151
[2024-02-17 19:43:45Z INFO Listener] Culture: en-US
[2024-02-17 19:43:45Z INFO Listener] UI Culture: en-US
[2024-02-17 19:43:45Z INFO HostContext] Well known directory 'Bin': 'C:\Users\Tahour\Documents\Creating-a-self-runner\actions-runner\bin'
[2024-02-17 19:43:45Z INFO HostContext] Well known directory 'Root': 'C:\Users\Tahour\Documents\Creating-a-self-runner\actions-runner'
[2024-02-17 19:43:45Z INFO Listener] Validating directory permissions for: 'C:\Users\Tahour\Documents\Creating-a-self-runner\actions-runner'
[2024-02-17 19:43:45Z INFO CommandLineParser] Parse
[2024-02-17 19:43:45Z INFO CommandLineParser] Parsing 1 args
[2024-02-17 19:43:45Z INFO CommandLineParser] parsing argument
[2024-02-17 19:43:45Z INFO CommandLineParser] HasArgs: False
[2024-02-17 19:43:45Z INFO CommandLineParser] Adding Command: run
[2024-02-17 19:43:45Z INFO Listener] Arguments parsed
[2024-02-17 19:43:45Z INFO Runner] ExecuteCommand
[2024-02-17 19:43:45Z INFO ConfigurationStore] currentAssemblyLocation: C:\Users\Tahour\Documents\Creating-a-self-runner\actions-runner\bin\Runner.Listener.dll
[2024-02-17 19:43:45Z INFO HostContext] Well known directory 'Bin': 'C:\Users\Tahour\Documents\Creating-a-self-runner\actions-runner\bin'
[2024-02-17 19:43:45Z INFO ConfigurationStore] binPath: C:\Users\Tahour\Documents\Creating-a-self-runner\actions-runner\bin
[2024-02-17 19:43:45Z INFO HostContext] Well known directory 'Bin': 'C:\Users\Tahour\Documents\Creating-a-self-runner\actions-runner\bin'
[2024-02-17 19:43:45Z INFO HostContext] Well known directory 'Root': 'C:\Users\Tahour\Documents\Creating-a-self-runner\actions-runner'
[2024-02-17 19:43:45Z INFO ConfigurationStore] RootFolder: C:\Users\Tahour\Documents\Creating-a-self-runner\actions-runner
[2024-02-17 19:43:45Z INFO HostContext] Well known directory 'Bin': 'C:\Users\Tahour\Documents\Creating-a-self-runner\actions-runner\bin'
[2024-02-17 19:43:45Z INFO HostContext] Well known directory 'Root': 'C:\Users\Tahour\Documents\Creating-a-self-runner\actions-runner'
[2024-02-17 19:43:45Z INFO HostContext] Well known config file 'Runner': 'C:\Users\Tahour\Documents\Creating-a-self-runner\actions-runner\.runner'
[2024-02-17 19:43:45Z INFO ConfigurationStore] ConfigFilePath: C:\Users\Tahour\Documents\Creating-a-self-runner\actions-runner\.runner
[2024-02-17 19:43:45Z INFO HostContext] Well known directory 'Bin': 'C:\Users\Tahour\Documents\Creating-a-self-runner\actions-runner\bin'
[2024-02-17 19:43:45Z INFO HostContext] Well known directory 'Root': 'C:\Users\Tahour\Documents\Creating-a-self-runner\actions-runner'
[2024-02-17 19:43:45Z INFO HostContext] Well known config file 'Credentials': 'C:\Users\Tahour\Documents\Creating-a-self-runner\actions-runner\.credentials'
[2024-02-17 19:43:45Z INFO ConfigurationStore] CredFilePath: C:\Users\Tahour\Documents\Creating-a-self-runner\actions-runner\.credentials
[2024-02-17 19:43:45Z INFO HostContext] Well known directory 'Bin': 'C:\Users\Tahour\Documents\Creating-a-self-runner\actions-runner\bin'
[2024-02-17 19:43:45Z INFO HostContext] Well known directory 'Root': 'C:\Users\Tahour\Documents\Creating-a-self-runner\actions-runner'
[2024-02-17 19:43:45Z INFO HostContext] Well known config file 'MigratedCredentials': 'C:\Users\Tahour\Documents\Creating-a-self-runner\actions-runner\.credentials_migrated'
[2024-02-17 19:43:45Z INFO ConfigurationStore] MigratedCredFilePath: C:\Users\Tahour\Documents\Creating-a-self-runner\actions-runner\.credentials_migrated
[2024-02-17 19:43:45Z INFO HostContext] Well known directory 'Bin': 'C:\Users\Tahour\Documents\Creating-a-self-runner\actions-runner\bin'
[2024-02-17 19:43:45Z INFO HostContext] Well known directory 'Root': 'C:\Users\Tahour\Documents\Creating-a-self-runner\actions-runner'
[2024-02-17 19:43:45Z INFO HostContext] Well known config file 'Service': 'C:\Users\Tahour\Documents\Creating-a-self-runner\actions-runner\.service'
[2024-02-17 19:43:45Z INFO ConfigurationStore] ServiceConfigFilePath: C:\Users\Tahour\Documents\Creating-a-self-runner\actions-runner\.service
[2024-02-17 19:43:45Z INFO CommandSettings] Flag 'help': 'False'
[2024-02-17 19:43:45Z INFO CommandSettings] Flag 'version': 'False'
[2024-02-17 19:43:45Z INFO CommandSettings] Flag 'commit': 'False'
[2024-02-17 19:43:45Z INFO CommandSettings] Flag 'check': 'False'
[2024-02-17 19:43:45Z INFO CommandSettings] Command 'configure': 'False'
[2024-02-17 19:43:45Z INFO CommandSettings] Command 'remove': 'False'
[2024-02-17 19:43:45Z INFO CommandSettings] Command 'warmup': 'False'
[2024-02-17 19:43:45Z INFO ConfigurationManager] LoadSettings
[2024-02-17 19:43:45Z INFO ConfigurationStore] IsConfigured()
[2024-02-17 19:43:45Z INFO ConfigurationStore] IsConfigured: True
[2024-02-17 19:43:45Z INFO ConfigurationManager] Is configured: True
[2024-02-17 19:43:45Z INFO ConfigurationStore] Read setting file: 327 chars
[2024-02-17 19:43:45Z INFO ConfigurationManager] Settings Loaded
[2024-02-17 19:43:45Z INFO ConfigurationStore] IsServiceConfigured()
[2024-02-17 19:43:45Z INFO ConfigurationStore] IsServiceConfigured: False
[2024-02-17 19:43:45Z INFO CommandSettings] Command 'run': 'True'
[2024-02-17 19:43:45Z INFO ConfigurationStore] IsConfigured()
[2024-02-17 19:43:45Z INFO ConfigurationStore] IsConfigured: True
[2024-02-17 19:43:45Z INFO ConfigurationManager] Is configured: True
[2024-02-17 19:43:45Z INFO Runner] Could not parse the argument value '' for StartupType. Defaulting to Manual
[2024-02-17 19:43:45Z INFO Runner] Set runner startup type - Manual
[2024-02-17 19:43:45Z INFO CommandSettings] Flag 'once': 'False'
[2024-02-17 19:43:45Z INFO CommandSettings] Flag 'once': 'False'
[2024-02-17 19:43:45Z INFO Runner] RunAsync
[2024-02-17 19:43:45Z INFO ConfigurationManager] LoadSettings
[2024-02-17 19:43:45Z INFO ConfigurationStore] IsConfigured()
[2024-02-17 19:43:45Z INFO ConfigurationStore] IsConfigured: True
[2024-02-17 19:43:45Z INFO ConfigurationManager] Is configured: True
[2024-02-17 19:43:45Z INFO ConfigurationManager] Settings Loaded
[2024-02-17 19:43:45Z INFO MessageListener] {
  "AgentId": 2,
  "AgentName": "DESKTOP-P1KULQ8",
  "PoolId": 1,
  "PoolName": "Default",
  "ServerUrl": "https://pipelinesghubeus15.actions.githubusercontent.com/GhadhqNjTwKJmFAsb8sozSOWSa7UPwYFBQfIRo3Z1qy7X68huQ/",
  "GitHubUrl": "https://github.com/m2cci-belkhayt/Creating-a-self-runner",
  "WorkFolder": "_work"
}
[2024-02-17 19:43:45Z INFO MessageListener] Loading Credentials
[2024-02-17 19:43:45Z INFO ConfigurationStore] HasCredentials()
[2024-02-17 19:43:45Z INFO ConfigurationStore] stored True
[2024-02-17 19:43:45Z INFO CredentialManager] GetCredentialProvider
[2024-02-17 19:43:45Z INFO CredentialManager] Creating type OAuth
[2024-02-17 19:43:45Z INFO CredentialManager] Creating credential type: OAuth
[2024-02-17 19:43:45Z INFO HostContext] Well known directory 'Bin': 'C:\Users\Tahour\Documents\Creating-a-self-runner\actions-runner\bin'
[2024-02-17 19:43:45Z INFO HostContext] Well known directory 'Root': 'C:\Users\Tahour\Documents\Creating-a-self-runner\actions-runner'
[2024-02-17 19:43:45Z INFO HostContext] Well known config file 'RSACredentials': 'C:\Users\Tahour\Documents\Creating-a-self-runner\actions-runner\.credentials_rsaparams'
[2024-02-17 19:43:45Z INFO RSAEncryptedFileKeyManager] Loading RSA key parameters from file C:\Users\Tahour\Documents\Creating-a-self-runner\actions-runner\.credentials_rsaparams
[2024-02-17 19:43:45Z INFO MessageListener] Attempt to create session.
[2024-02-17 19:43:45Z INFO MessageListener] Connecting to the Runner Server...
[2024-02-17 19:43:45Z INFO RunnerServer] EstablishVssConnection
[2024-02-17 19:43:45Z INFO RunnerServer] Establish connection with 100 seconds timeout.
[2024-02-17 19:43:45Z INFO GitHubActionsService] Starting operation Location.GetConnectionData
[2024-02-17 19:43:45Z INFO RunnerServer] EstablishVssConnection
[2024-02-17 19:43:45Z INFO RunnerServer] Establish connection with 60 seconds timeout.
[2024-02-17 19:43:45Z INFO GitHubActionsService] Starting operation Location.GetConnectionData
[2024-02-17 19:43:45Z INFO RunnerServer] EstablishVssConnection
[2024-02-17 19:43:45Z INFO RunnerServer] Establish connection with 60 seconds timeout.
[2024-02-17 19:43:45Z INFO GitHubActionsService] Starting operation Location.GetConnectionData
[2024-02-17 19:43:45Z INFO GitHubActionsService] Finished operation Location.GetConnectionData
[2024-02-17 19:43:45Z INFO GitHubActionsService] Finished operation Location.GetConnectionData
[2024-02-17 19:43:45Z INFO GitHubActionsService] Finished operation Location.GetConnectionData
[2024-02-17 19:43:46Z INFO MessageListener] VssConnection created
[2024-02-17 19:43:46Z INFO Terminal] WRITE LINE: 
[2024-02-17 19:43:46Z INFO Terminal] WRITE LINE: 
[2024-02-17 19:43:46Z INFO RSAEncryptedFileKeyManager] Loading RSA key parameters from file C:\Users\Tahour\Documents\Creating-a-self-runner\actions-runner\.credentials_rsaparams
[2024-02-17 19:43:46Z INFO RSAEncryptedFileKeyManager] Loading RSA key parameters from file C:\Users\Tahour\Documents\Creating-a-self-runner\actions-runner\.credentials_rsaparams
[2024-02-17 19:43:46Z INFO GitHubActionsService] AAD Correlation ID for this token request: Unknown
[2024-02-17 19:43:46Z INFO MessageListener] Session created.
[2024-02-17 19:43:46Z INFO Terminal] WRITE LINE: Current runner version: '2.313.0'
[2024-02-17 19:43:46Z INFO Terminal] WRITE LINE: 2024-02-17 19:43:46Z: Listening for Jobs
[2024-02-17 19:43:46Z INFO JobDispatcher] Set runner/worker IPC timeout to 30 seconds.
[2024-02-17 20:13:50Z INFO MessageListener] No message retrieved from session 'c268fead-167b-4976-b591-32b748136e1f' within last 30 minutes.
