[2024-02-17 19:41:43Z INFO HostContext] No proxy settings were found based on environmental variables (http_proxy/https_proxy/HTTP_PROXY/HTTPS_PROXY)
[2024-02-17 19:41:43Z INFO HostContext] Well known directory 'Bin': 'C:\Users\Tahour\Documents\Creating-a-self-runner\actions-runner\bin'
[2024-02-17 19:41:43Z INFO HostContext] Well known directory 'Root': 'C:\Users\Tahour\Documents\Creating-a-self-runner\actions-runner'
[2024-02-17 19:41:43Z INFO HostContext] Well known config file 'Credentials': 'C:\Users\Tahour\Documents\Creating-a-self-runner\actions-runner\.credentials'
[2024-02-17 19:41:43Z INFO HostContext] Well known directory 'Bin': 'C:\Users\Tahour\Documents\Creating-a-self-runner\actions-runner\bin'
[2024-02-17 19:41:43Z INFO HostContext] Well known directory 'Root': 'C:\Users\Tahour\Documents\Creating-a-self-runner\actions-runner'
[2024-02-17 19:41:43Z INFO HostContext] Well known config file 'Runner': 'C:\Users\Tahour\Documents\Creating-a-self-runner\actions-runner\.runner'
[2024-02-17 19:41:43Z INFO Listener] Runner is built for Windows (X64) - win-x64.
[2024-02-17 19:41:43Z INFO Listener] RuntimeInformation: Microsoft Windows 10.0.19045.
[2024-02-17 19:41:43Z INFO Listener] Version: 2.313.0
[2024-02-17 19:41:43Z INFO Listener] Commit: d502c4623e5cd140e949f1e644ffe03762bd4151
[2024-02-17 19:41:43Z INFO Listener] Culture: en-US
[2024-02-17 19:41:43Z INFO Listener] UI Culture: en-US
[2024-02-17 19:41:43Z INFO HostContext] Well known directory 'Bin': 'C:\Users\Tahour\Documents\Creating-a-self-runner\actions-runner\bin'
[2024-02-17 19:41:43Z INFO HostContext] Well known directory 'Root': 'C:\Users\Tahour\Documents\Creating-a-self-runner\actions-runner'
[2024-02-17 19:41:43Z INFO Listener] Validating directory permissions for: 'C:\Users\Tahour\Documents\Creating-a-self-runner\actions-runner'
[2024-02-17 19:41:43Z INFO CommandLineParser] Parse
[2024-02-17 19:41:43Z INFO CommandLineParser] Parsing 5 args
[2024-02-17 19:41:43Z INFO CommandLineParser] parsing argument
[2024-02-17 19:41:43Z INFO CommandLineParser] HasArgs: False
[2024-02-17 19:41:43Z INFO CommandLineParser] Adding Command: configure
[2024-02-17 19:41:43Z INFO CommandLineParser] parsing argument
[2024-02-17 19:41:43Z INFO CommandLineParser] HasArgs: True
[2024-02-17 19:41:43Z INFO CommandLineParser] arg: url
[2024-02-17 19:41:43Z INFO CommandLineParser] parsing argument
[2024-02-17 19:41:43Z INFO CommandLineParser] HasArgs: True
[2024-02-17 19:41:43Z INFO CommandLineParser] Adding option 'url': 'https://github.com/m2cci-belkhayt/Creating-a-self-runner'
[2024-02-17 19:41:43Z INFO CommandLineParser] parsing argument
[2024-02-17 19:41:43Z INFO CommandLineParser] HasArgs: True
[2024-02-17 19:41:43Z INFO CommandLineParser] arg: token
[2024-02-17 19:41:43Z INFO CommandLineParser] parsing argument
[2024-02-17 19:41:43Z INFO CommandLineParser] HasArgs: True
[2024-02-17 19:41:43Z INFO CommandLineParser] Adding option 'token': '***'
[2024-02-17 19:41:43Z INFO Listener] Arguments parsed
[2024-02-17 19:41:44Z INFO Runner] ExecuteCommand
[2024-02-17 19:41:44Z INFO ConfigurationStore] currentAssemblyLocation: C:\Users\Tahour\Documents\Creating-a-self-runner\actions-runner\bin\Runner.Listener.dll
[2024-02-17 19:41:44Z INFO HostContext] Well known directory 'Bin': 'C:\Users\Tahour\Documents\Creating-a-self-runner\actions-runner\bin'
[2024-02-17 19:41:44Z INFO ConfigurationStore] binPath: C:\Users\Tahour\Documents\Creating-a-self-runner\actions-runner\bin
[2024-02-17 19:41:44Z INFO HostContext] Well known directory 'Bin': 'C:\Users\Tahour\Documents\Creating-a-self-runner\actions-runner\bin'
[2024-02-17 19:41:44Z INFO HostContext] Well known directory 'Root': 'C:\Users\Tahour\Documents\Creating-a-self-runner\actions-runner'
[2024-02-17 19:41:44Z INFO ConfigurationStore] RootFolder: C:\Users\Tahour\Documents\Creating-a-self-runner\actions-runner
[2024-02-17 19:41:44Z INFO HostContext] Well known directory 'Bin': 'C:\Users\Tahour\Documents\Creating-a-self-runner\actions-runner\bin'
[2024-02-17 19:41:44Z INFO HostContext] Well known directory 'Root': 'C:\Users\Tahour\Documents\Creating-a-self-runner\actions-runner'
[2024-02-17 19:41:44Z INFO HostContext] Well known config file 'Runner': 'C:\Users\Tahour\Documents\Creating-a-self-runner\actions-runner\.runner'
[2024-02-17 19:41:44Z INFO ConfigurationStore] ConfigFilePath: C:\Users\Tahour\Documents\Creating-a-self-runner\actions-runner\.runner
[2024-02-17 19:41:44Z INFO HostContext] Well known directory 'Bin': 'C:\Users\Tahour\Documents\Creating-a-self-runner\actions-runner\bin'
[2024-02-17 19:41:44Z INFO HostContext] Well known directory 'Root': 'C:\Users\Tahour\Documents\Creating-a-self-runner\actions-runner'
[2024-02-17 19:41:44Z INFO HostContext] Well known config file 'Credentials': 'C:\Users\Tahour\Documents\Creating-a-self-runner\actions-runner\.credentials'
[2024-02-17 19:41:44Z INFO ConfigurationStore] CredFilePath: C:\Users\Tahour\Documents\Creating-a-self-runner\actions-runner\.credentials
[2024-02-17 19:41:44Z INFO HostContext] Well known directory 'Bin': 'C:\Users\Tahour\Documents\Creating-a-self-runner\actions-runner\bin'
[2024-02-17 19:41:44Z INFO HostContext] Well known directory 'Root': 'C:\Users\Tahour\Documents\Creating-a-self-runner\actions-runner'
[2024-02-17 19:41:44Z INFO HostContext] Well known config file 'MigratedCredentials': 'C:\Users\Tahour\Documents\Creating-a-self-runner\actions-runner\.credentials_migrated'
[2024-02-17 19:41:44Z INFO ConfigurationStore] MigratedCredFilePath: C:\Users\Tahour\Documents\Creating-a-self-runner\actions-runner\.credentials_migrated
[2024-02-17 19:41:44Z INFO HostContext] Well known directory 'Bin': 'C:\Users\Tahour\Documents\Creating-a-self-runner\actions-runner\bin'
[2024-02-17 19:41:44Z INFO HostContext] Well known directory 'Root': 'C:\Users\Tahour\Documents\Creating-a-self-runner\actions-runner'
[2024-02-17 19:41:44Z INFO HostContext] Well known config file 'Service': 'C:\Users\Tahour\Documents\Creating-a-self-runner\actions-runner\.service'
[2024-02-17 19:41:44Z INFO ConfigurationStore] ServiceConfigFilePath: C:\Users\Tahour\Documents\Creating-a-self-runner\actions-runner\.service
[2024-02-17 19:41:44Z INFO CommandSettings] Flag 'help': 'False'
[2024-02-17 19:41:44Z INFO CommandSettings] Flag 'version': 'False'
[2024-02-17 19:41:44Z INFO CommandSettings] Flag 'commit': 'False'
[2024-02-17 19:41:44Z INFO CommandSettings] Flag 'check': 'False'
[2024-02-17 19:41:44Z INFO CommandSettings] Command 'configure': 'True'
[2024-02-17 19:41:44Z INFO Terminal] WRITE LINE: 
[2024-02-17 19:41:44Z INFO Terminal] WRITE LINE: --------------------------------------------------------------------------------
[2024-02-17 19:41:44Z INFO Terminal] WRITE LINE: |        ____ _ _   _   _       _          _        _   _                      |
[2024-02-17 19:41:44Z INFO Terminal] WRITE LINE: |       / ___(_) |_| | | |_   _| |__      / \   ___| |_(_) ___  _ __  ___      |
[2024-02-17 19:41:44Z INFO Terminal] WRITE LINE: |      | |  _| | __| |_| | | | | '_ \    / _ \ / __| __| |/ _ \| '_ \/ __|     |
[2024-02-17 19:41:44Z INFO Terminal] WRITE LINE: |      | |_| | | |_|  _  | |_| | |_) |  / ___ \ (__| |_| | (_) | | | \__ \     |
[2024-02-17 19:41:44Z INFO Terminal] WRITE LINE: |       \____|_|\__|_| |_|\__,_|_.__/  /_/   \_\___|\__|_|\___/|_| |_|___/     |
[2024-02-17 19:41:44Z INFO Terminal] WRITE LINE: |                                                                              |
[2024-02-17 19:41:44Z INFO Terminal] WRITE: |                       
[2024-02-17 19:41:44Z INFO Terminal] WRITE: Self-hosted runner registration
[2024-02-17 19:41:44Z INFO Terminal] WRITE LINE:                         |
[2024-02-17 19:41:44Z INFO Terminal] WRITE LINE: |                                                                              |
[2024-02-17 19:41:44Z INFO Terminal] WRITE LINE: --------------------------------------------------------------------------------
[2024-02-17 19:41:44Z INFO ConfigurationManager] ConfigureAsync
[2024-02-17 19:41:44Z INFO CommandSettings] Flag 'generateServiceConfig': 'False'
[2024-02-17 19:41:44Z INFO ConfigurationStore] IsConfigured()
[2024-02-17 19:41:44Z INFO ConfigurationStore] IsConfigured: False
[2024-02-17 19:41:44Z INFO ConfigurationManager] Is configured: False
[2024-02-17 19:41:44Z INFO CommandSettings] Arg 'url': 'https://github.com/m2cci-belkhayt/Creating-a-self-runner'
[2024-02-17 19:41:44Z INFO CommandSettings] Remove url from Arg dictionary.
[2024-02-17 19:41:44Z INFO CommandSettings] Arg 'token': '***'
[2024-02-17 19:41:44Z INFO CommandSettings] Remove token from Arg dictionary.
[2024-02-17 19:41:46Z INFO ConfigurationManager] Http response code: OK from 'POST https://api.github.com/actions/runner-registration' (D145:C1D32:2004B39:2063C79:65D10D19)
[2024-02-17 19:41:46Z INFO ConfigurationManager] Using V2 flow: False
[2024-02-17 19:41:46Z INFO ConfigurationManager] cred retrieved via GitHub auth
[2024-02-17 19:41:46Z INFO RunnerServer] EstablishVssConnection
[2024-02-17 19:41:46Z INFO RunnerServer] Establish connection with 100 seconds timeout.
[2024-02-17 19:41:46Z INFO GitHubActionsService] Starting operation Location.GetConnectionData
[2024-02-17 19:41:46Z INFO RunnerServer] EstablishVssConnection
[2024-02-17 19:41:46Z INFO RunnerServer] Establish connection with 60 seconds timeout.
[2024-02-17 19:41:46Z INFO GitHubActionsService] Starting operation Location.GetConnectionData
[2024-02-17 19:41:46Z INFO RunnerServer] EstablishVssConnection
[2024-02-17 19:41:46Z INFO RunnerServer] Establish connection with 60 seconds timeout.
[2024-02-17 19:41:46Z INFO GitHubActionsService] Starting operation Location.GetConnectionData
[2024-02-17 19:41:47Z INFO GitHubActionsService] Finished operation Location.GetConnectionData
[2024-02-17 19:41:47Z INFO GitHubActionsService] Finished operation Location.GetConnectionData
[2024-02-17 19:41:47Z INFO GitHubActionsService] Finished operation Location.GetConnectionData
[2024-02-17 19:41:47Z INFO Terminal] WRITE LINE: 
[2024-02-17 19:41:47Z INFO ConfigurationManager] Test Connection complete.
[2024-02-17 19:41:47Z INFO HostContext] Well known directory 'Bin': 'C:\Users\Tahour\Documents\Creating-a-self-runner\actions-runner\bin'
[2024-02-17 19:41:47Z INFO HostContext] Well known directory 'Root': 'C:\Users\Tahour\Documents\Creating-a-self-runner\actions-runner'
[2024-02-17 19:41:47Z INFO HostContext] Well known config file 'RSACredentials': 'C:\Users\Tahour\Documents\Creating-a-self-runner\actions-runner\.credentials_rsaparams'
[2024-02-17 19:41:47Z INFO RSAEncryptedFileKeyManager] Creating new RSA key using 2048-bit key length
[2024-02-17 19:41:47Z INFO RSAEncryptedFileKeyManager] Successfully saved RSA key parameters to file C:\Users\Tahour\Documents\Creating-a-self-runner\actions-runner\.credentials_rsaparams
[2024-02-17 19:41:47Z INFO CommandSettings] Arg 'runnergroup': ''
[2024-02-17 19:41:47Z INFO CommandSettings] Flag 'unattended': 'False'
[2024-02-17 19:41:47Z INFO PromptManager] ReadValue
[2024-02-17 19:41:47Z INFO Terminal] WRITE: Enter the name of the runner group to add this runner to: 
[2024-02-17 19:41:47Z INFO Terminal] WRITE: [press Enter for Default] 
[2024-02-17 19:41:47Z INFO Terminal] READ LINE
[2024-02-17 19:41:53Z INFO Terminal] Read value: ''
[2024-02-17 19:41:53Z INFO PromptManager] Falling back to the default: 'Default'
[2024-02-17 19:41:53Z INFO Terminal] WRITE LINE: 
[2024-02-17 19:41:53Z INFO ConfigurationManager] Found a self-hosted runner group with id 1 and name Default
[2024-02-17 19:41:53Z INFO CommandSettings] Flag 'disableupdate': 'False'
[2024-02-17 19:41:53Z INFO CommandSettings] Flag 'ephemeral': 'False'
[2024-02-17 19:41:53Z INFO CommandSettings] Arg 'name': ''
[2024-02-17 19:41:53Z INFO CommandSettings] Flag 'unattended': 'False'
[2024-02-17 19:41:53Z INFO PromptManager] ReadValue
[2024-02-17 19:41:53Z INFO Terminal] WRITE: Enter the name of runner: 
[2024-02-17 19:41:53Z INFO Terminal] WRITE: [press Enter for DESKTOP-P1KULQ8] 
[2024-02-17 19:41:53Z INFO Terminal] READ LINE
[2024-02-17 19:41:59Z INFO Terminal] Read value: ''
[2024-02-17 19:41:59Z INFO PromptManager] Falling back to the default: 'DESKTOP-P1KULQ8'
[2024-02-17 19:41:59Z INFO Terminal] WRITE LINE: 
[2024-02-17 19:41:59Z INFO CommandSettings] Arg 'labels': ''
[2024-02-17 19:41:59Z INFO CommandSettings] Flag 'unattended': 'False'
[2024-02-17 19:41:59Z INFO PromptManager] ReadValue
[2024-02-17 19:41:59Z INFO Terminal] WRITE: This runner will have the following labels: 'self-hosted', 'Windows', 'X64' 
Enter any additional labels (ex. label-1,label-2): 
[2024-02-17 19:41:59Z INFO Terminal] WRITE: [press Enter to skip] 
[2024-02-17 19:41:59Z INFO Terminal] READ LINE
[2024-02-17 19:42:08Z INFO Terminal] Read value: ''
[2024-02-17 19:42:08Z INFO Terminal] WRITE LINE: 
[2024-02-17 19:42:08Z INFO CommandSettings] Flag 'disableupdate': 'False'
[2024-02-17 19:42:08Z INFO CommandSettings] Flag 'no-default-labels': 'False'
[2024-02-17 19:42:08Z INFO CommandSettings] Flag 'disableupdate': 'False'
[2024-02-17 19:42:08Z INFO CommandSettings] Flag 'ephemeral': 'False'
[2024-02-17 19:42:08Z INFO ConfigurationStore] Saving OAuth credential @ C:\Users\Tahour\Documents\Creating-a-self-runner\actions-runner\.credentials
[2024-02-17 19:42:08Z INFO ConfigurationStore] Credentials Saved.
[2024-02-17 19:42:08Z INFO ConfigurationStore] HasCredentials()
[2024-02-17 19:42:08Z INFO ConfigurationStore] stored True
[2024-02-17 19:42:08Z INFO CredentialManager] GetCredentialProvider
[2024-02-17 19:42:08Z INFO CredentialManager] Creating type OAuth
[2024-02-17 19:42:08Z INFO CredentialManager] Creating credential type: OAuth
[2024-02-17 19:42:08Z INFO RSAEncryptedFileKeyManager] Loading RSA key parameters from file C:\Users\Tahour\Documents\Creating-a-self-runner\actions-runner\.credentials_rsaparams
[2024-02-17 19:42:09Z INFO RunnerServer] EstablishVssConnection
[2024-02-17 19:42:09Z INFO RunnerServer] Establish connection with 100 seconds timeout.
[2024-02-17 19:42:09Z INFO GitHubActionsService] Starting operation Location.GetConnectionData
[2024-02-17 19:42:09Z INFO RunnerServer] EstablishVssConnection
[2024-02-17 19:42:09Z INFO RunnerServer] Establish connection with 60 seconds timeout.
[2024-02-17 19:42:09Z INFO GitHubActionsService] Starting operation Location.GetConnectionData
[2024-02-17 19:42:09Z INFO RunnerServer] EstablishVssConnection
[2024-02-17 19:42:09Z INFO RunnerServer] Establish connection with 60 seconds timeout.
[2024-02-17 19:42:09Z INFO GitHubActionsService] Starting operation Location.GetConnectionData
[2024-02-17 19:42:09Z INFO GitHubActionsService] Finished operation Location.GetConnectionData
[2024-02-17 19:42:09Z INFO GitHubActionsService] Finished operation Location.GetConnectionData
[2024-02-17 19:42:09Z INFO GitHubActionsService] Finished operation Location.GetConnectionData
[2024-02-17 19:42:09Z INFO RSAEncryptedFileKeyManager] Loading RSA key parameters from file C:\Users\Tahour\Documents\Creating-a-self-runner\actions-runner\.credentials_rsaparams
[2024-02-17 19:42:09Z INFO RSAEncryptedFileKeyManager] Loading RSA key parameters from file C:\Users\Tahour\Documents\Creating-a-self-runner\actions-runner\.credentials_rsaparams
[2024-02-17 19:42:09Z INFO GitHubActionsService] AAD Correlation ID for this token request: Unknown
[2024-02-17 19:42:10Z INFO CommandSettings] Arg 'work': ''
[2024-02-17 19:42:10Z INFO CommandSettings] Flag 'unattended': 'False'
[2024-02-17 19:42:10Z INFO PromptManager] ReadValue
[2024-02-17 19:42:10Z INFO Terminal] WRITE: Enter name of work folder: 
[2024-02-17 19:42:10Z INFO Terminal] WRITE: [press Enter for _work] 
[2024-02-17 19:42:10Z INFO Terminal] READ LINE
[2024-02-17 19:42:17Z INFO Terminal] Read value: ''
[2024-02-17 19:42:17Z INFO PromptManager] Falling back to the default: '_work'
[2024-02-17 19:42:17Z INFO ConfigurationStore] Saving runner settings.
[2024-02-17 19:42:17Z INFO ConfigurationStore] Settings Saved.
[2024-02-17 19:42:17Z INFO Terminal] WRITE LINE: 
[2024-02-17 19:42:17Z INFO Terminal] WRITE LINE: 
[2024-02-17 19:42:17Z INFO CommandSettings] Flag 'runasservice': 'False'
[2024-02-17 19:42:17Z INFO CommandSettings] Flag 'unattended': 'False'
[2024-02-17 19:42:17Z INFO PromptManager] ReadValue
[2024-02-17 19:42:17Z INFO Terminal] WRITE: Would you like to run the runner as service? (Y/N) 
[2024-02-17 19:42:17Z INFO Terminal] WRITE: [press Enter for N] 
[2024-02-17 19:42:17Z INFO Terminal] READ LINE
[2024-02-17 19:42:27Z INFO Terminal] Read value: 'Y'
[2024-02-17 19:42:27Z INFO ConfigurationManager] Configuring to run the agent as service
[2024-02-17 19:42:27Z ERR  WindowsServiceControlManager] Needs Administrator privileges for configure runner as windows service.
[2024-02-17 19:42:28Z ERR  Runner] System.Security.SecurityException: Needs Administrator privileges for configuring runner as windows service.
   at GitHub.Runner.Listener.Configuration.WindowsServiceControlManager.ConfigureService(RunnerSettings settings, CommandSettings command)
   at GitHub.Runner.Listener.Configuration.ConfigurationManager.ConfigureAsync(CommandSettings command)
   at GitHub.Runner.Listener.Runner.ExecuteCommand(CommandSettings command)
[2024-02-17 19:42:28Z ERR  Terminal] WRITE ERROR: Needs Administrator privileges for configuring runner as windows service.
[2024-02-17 19:42:28Z INFO Listener] Runner execution has finished with return code 1
